MultiPong/app/build/outputs/logs/manifest-merger-debug-report.txt
-- Merging decision tree log ---
manifest
ADDED from src/main/AndroidManifest.xml:2:1-86:12
	package
		ADDED from src/main/AndroidManifest.xml:3:5-43
		INJECTED from src/main/AndroidManifest.xml
		INJECTED from src/main/AndroidManifest.xml
	android:versionName
		INJECTED from src/main/AndroidManifest.xml
		INJECTED from src/main/AndroidManifest.xml
	xmlns:android
		ADDED from src/main/AndroidManifest.xml:2:11-69
	android:versionCode
		INJECTED from src/main/AndroidManifest.xml
		INJECTED from src/main/AndroidManifest.xml
uses-permission#android.permission.BLUETOOTH
ADDED from src/main/AndroidManifest.xml:6:5-68
	android:name
		ADDED from src/main/AndroidManifest.xml:6:22-65
uses-permission#android.permission.BLUETOOTH_ADMIN
ADDED from src/main/AndroidManifest.xml:7:5-74
	android:name
		ADDED from src/main/AndroidManifest.xml:7:22-71
uses-feature#android.hardware.sensor.gyroscope
ADDED from src/main/AndroidManifest.xml:8:5-93
	android:required
		ADDED from src/main/AndroidManifest.xml:8:68-91
	android:name
		ADDED from src/main/AndroidManifest.xml:8:19-67
uses-permission#android.permission.WRITE_EXTERNAL_STORAGE
ADDED from src/main/AndroidManifest.xml:9:5-81
	android:name
		ADDED from src/main/AndroidManifest.xml:9:22-78
uses-permission#android.permission.MOUNT_UNMOUNT_FILESYSTEMS
ADDED from src/main/AndroidManifest.xml:10:5-84
	android:name
		ADDED from src/main/AndroidManifest.xml:10:22-81
uses-feature#0x00020000
ADDED from src/main/AndroidManifest.xml:12:5-13:35
	android:glEsVersion
		ADDED from src/main/AndroidManifest.xml:12:19-51
	android:required
		ADDED from src/main/AndroidManifest.xml:13:9-32
application
ADDED from src/main/AndroidManifest.xml:16:5-84:19
MERGED from [com.android.support:appcompat-v7:25.1.1] AndroidManifest.xml:25:5-20
MERGED from [com.android.support:animated-vector-drawable:25.1.1] AndroidManifest.xml:22:5-20
MERGED from [com.android.support:support-vector-drawable:25.1.1] AndroidManifest.xml:23:5-20
MERGED from [com.android.support:support-v4:25.1.1] AndroidManifest.xml:25:5-20
MERGED from [com.android.support:support-fragment:25.1.1] AndroidManifest.xml:25:5-20
MERGED from [com.android.support:support-media-compat:25.1.1] AndroidManifest.xml:25:5-20
MERGED from [com.android.support:support-core-ui:25.1.1] AndroidManifest.xml:25:5-20
MERGED from [com.android.support:support-core-utils:25.1.1] AndroidManifest.xml:25:5-20
MERGED from [com.android.support:support-compat:25.1.1] AndroidManifest.xml:25:5-20
	android:label
		ADDED from src/main/AndroidManifest.xml:19:9-41
	android:supportsRtl
		ADDED from src/main/AndroidManifest.xml:20:9-35
	android:allowBackup
		ADDED from src/main/AndroidManifest.xml:17:9-35
	android:icon
		ADDED from src/main/AndroidManifest.xml:18:9-43
activity#com.example.johnny.multipong.MenuActivity
ADDED from src/main/AndroidManifest.xml:24:9-35:20
	android:screenOrientation
		ADDED from src/main/AndroidManifest.xml:26:13-50
	android:configChanges
		ADDED from src/main/AndroidManifest.xml:27:13-48
	android:theme
		ADDED from src/main/AndroidManifest.xml:28:13-71
	android:name
		ADDED from src/main/AndroidManifest.xml:25:13-41
intent-filter#android.intent.action.MAIN+android.intent.category.LAUNCHER
ADDED from src/main/AndroidManifest.xml:30:13-34:29
action#android.intent.action.MAIN
ADDED from src/main/AndroidManifest.xml:31:17-69
	android:name
		ADDED from src/main/AndroidManifest.xml:31:25-66
category#android.intent.category.LAUNCHER
ADDED from src/main/AndroidManifest.xml:33:17-77
	android:name
		ADDED from src/main/AndroidManifest.xml:33:27-74
activity#com.example.johnny.multipong.PongActivity
ADDED from src/main/AndroidManifest.xml:36:9-41:20
	android:screenOrientation
		ADDED from src/main/AndroidManifest.xml:38:13-50
	android:configChanges
		ADDED from src/main/AndroidManifest.xml:40:13-48
	android:theme
		ADDED from src/main/AndroidManifest.xml:39:13-71
	android:name
		ADDED from src/main/AndroidManifest.xml:37:13-41
activity#com.example.johnny.multipong.OptionsActivity
ADDED from src/main/AndroidManifest.xml:45:9-50:20
	android:screenOrientation
		ADDED from src/main/AndroidManifest.xml:47:13-50
	android:configChanges
		ADDED from src/main/AndroidManifest.xml:49:13-48
	android:theme
		ADDED from src/main/AndroidManifest.xml:48:13-71
	android:name
		ADDED from src/main/AndroidManifest.xml:46:13-44
activity#com.example.johnny.multipong.Bluetooth.DeviceListActivity
ADDED from src/main/AndroidManifest.xml:52:9-55:53
	android:label
		ADDED from src/main/AndroidManifest.xml:55:13-50
	android:configChanges
		ADDED from src/main/AndroidManifest.xml:54:13-63
	android:name
		ADDED from src/main/AndroidManifest.xml:53:13-57
activity#com.example.johnny.multipong.Bluetooth.BluetoothChat
ADDED from src/main/AndroidManifest.xml:56:9-59:49
	android:label
		ADDED from src/main/AndroidManifest.xml:59:9-46
	android:configChanges
		ADDED from src/main/AndroidManifest.xml:58:9-59
	android:name
		ADDED from src/main/AndroidManifest.xml:57:9-48
activity#com.example.johnny.multipong.sensorFilters.ConfigActivity
ADDED from src/main/AndroidManifest.xml:62:9-63:60
	android:name
		ADDED from src/main/AndroidManifest.xml:63:13-57
service#com.example.johnny.multipong.DataModel
ADDED from src/main/AndroidManifest.xml:69:9-72:39
	android:enabled
		ADDED from src/main/AndroidManifest.xml:71:13-35
	android:exported
		ADDED from src/main/AndroidManifest.xml:72:13-36
	android:name
		ADDED from src/main/AndroidManifest.xml:70:13-38
service#com.example.johnny.multipong.SensorsService
ADDED from src/main/AndroidManifest.xml:74:9-77:39
	android:enabled
		ADDED from src/main/AndroidManifest.xml:76:13-35
	android:exported
		ADDED from src/main/AndroidManifest.xml:77:13-36
	android:name
		ADDED from src/main/AndroidManifest.xml:75:13-43
service#com.example.johnny.multipong.SoundService
ADDED from src/main/AndroidManifest.xml:79:9-81:38
	android:enabled
		ADDED from src/main/AndroidManifest.xml:81:13-35
	android:name
		ADDED from src/main/AndroidManifest.xml:80:13-41
uses-sdk
INJECTED from src/main/AndroidManifest.xml reason: use-sdk injection requested
MERGED from [com.android.support:appcompat-v7:25.1.1] AndroidManifest.xml:21:5-23:78
MERGED from [com.android.support:animated-vector-drawable:25.1.1] AndroidManifest.xml:20:5-44
MERGED from [com.android.support:support-vector-drawable:25.1.1] AndroidManifest.xml:21:5-43
MERGED from [com.android.support:recyclerview-v7:25.1.1] AndroidManifest.xml:20:5-43
MERGED from [com.android.support:support-v4:25.1.1] AndroidManifest.xml:21:5-23:54
MERGED from [com.android.support:support-fragment:25.1.1] AndroidManifest.xml:21:5-23:60
MERGED from [com.android.support:support-media-compat:25.1.1] AndroidManifest.xml:21:5-23:63
MERGED from [com.android.support:support-core-ui:25.1.1] AndroidManifest.xml:21:5-23:58
MERGED from [com.android.support:support-core-utils:25.1.1] AndroidManifest.xml:21:5-23:61
MERGED from [com.android.support:support-compat:25.1.1] AndroidManifest.xml:21:5-23:58
	tools:overrideLibrary
		ADDED from [com.android.support:appcompat-v7:25.1.1] AndroidManifest.xml:23:9-75
	android:targetSdkVersion
		INJECTED from src/main/AndroidManifest.xml
		INJECTED from src/main/AndroidManifest.xml
	android:minSdkVersion
		INJECTED from src/main/AndroidManifest.xml
		INJECTED from src/main/AndroidManifest.xml